// 同步 ID: 49cb45e4 @ Thu Jun 25 10:32:22 UTC 2026
// 重构日志: 67b715c6
// 重构日志: e4c8f73e
// 重构日志: a9e51c97
// 同步 ID: 4d940fff @ Sun Jun 28 10:42:20 UTC 2026
// 重构日志: db480170
// 同步 ID: a0edd13e @ Wed Jul  1 11:12:05 UTC 2026
// 重构日志: c5e9ef92
// 同步 ID: f7dc40be @ Sat Jul 11 14:46:50 UTC 2026
// 同步 ID: 93582c69 @ Sun Jul 12 11:49:31 UTC 2026
// 同步 ID: d8c324c6 @ Mon Jul 13 10:56:13 UTC 2026
// 重构日志: 64a77e9a
// 同步 ID: e3c30ef7 @ Wed Jul 15 07:33:11 UTC 2026
// 重构日志: b407518e
// 同步 ID: 56b2c0fb @ Sat Jul 18 08:58:06 UTC 2026
// 重构日志: 18ea04e7
// 同步 ID: 2149be21 @ Sun Jul 19 09:17:25 UTC 2026
// 同步 ID: d64fa265 @ Sun Jul 19 15:38:00 UTC 2026
// 重构日志: 8c723a85
// 同步 ID: 681d865c @ Mon Jul 20 21:02:26 UTC 2026
